<?xml version="1.0" encoding="UTF-8"?>
<!-- Generated by org.testng.reporters.JUnitXMLReporter -->
<testsuite ignored="0" hostname="DESKTOP-8JS9NQE" failures="0" tests="1" name="Test" time="9.484" errors="0" timestamp="2023-12-26T11:47:43 IST">
  <testcase classname="testBase.Baseclass" name="@BeforeClass setup" time="9.289">
    <failure type="java.util.MissingResourceException" message="Can&amp;apos;t find bundle for base name config, locale en_US">
      <![CDATA[java.util.MissingResourceException: Can't find bundle for base name config, locale en_US
at java.base/java.util.ResourceBundle.throwMissingResourceException(ResourceBundle.java:2045)
at java.base/java.util.ResourceBundle.getBundleImpl(ResourceBundle.java:1683)
at java.base/java.util.ResourceBundle.getBundleImpl(ResourceBundle.java:1586)
at java.base/java.util.ResourceBundle.getBundleImpl(ResourceBundle.java:1549)
at java.base/java.util.ResourceBundle.getBundle(ResourceBundle.java:858)
at testBase.Baseclass.setup(Baseclass.java:24)
at java.base/java.util.ArrayList.forEach(ArrayList.java:1511)
... Removed 25 stack frames]]>
    </failure>
  </testcase> <!-- @BeforeClass setup -->
  <testcase classname="testBase.Baseclass" name="@AfterClass close" time="-1.703571463375E9">
    <skipped/>
  </testcase> <!-- @AfterClass close -->
  <testcase classname="testCases.TC_01_NewRegistration" name="OC_account_Registration" time="0.0">
    <skipped/>
  </testcase> <!-- OC_account_Registration -->
</testsuite> <!-- Test -->
